TN:
SF:src/project.js
FN:6,(anonymous_0)
FN:12,(anonymous_1)
FN:15,(anonymous_2)
FN:16,(anonymous_3)
FN:22,(anonymous_4)
FNF:5
FNH:5
FNDA:6,(anonymous_0)
FNDA:12,(anonymous_1)
FNDA:47,(anonymous_2)
FNDA:47,(anonymous_3)
FNDA:7,(anonymous_4)
DA:7,6
DA:8,6
DA:9,6
DA:10,6
DA:12,6
DA:13,12
DA:15,47
DA:16,47
DA:20,6
DA:21,6
DA:22,7
DA:26,6
DA:28,6
DA:29,6
DA:30,6
DA:31,6
DA:32,6
DA:33,6
DA:34,6
DA:36,6
LF:20
LH:20
BRDA:6,0,0,1
BRF:1
BRH:1
end_of_record
TN:
SF:src/textProcessorFacade.js
FN:7,(anonymous_0)
FN:11,(anonymous_1)
FNF:2
FNH:2
FNDA:1,(anonymous_0)
FNDA:1,(anonymous_1)
DA:8,1
DA:12,1
LF:2
LH:2
BRF:0
BRH:0
end_of_record
TN:
SF:src/textProcessorFluentAPI.js
FN:9,(anonymous_0)
FN:13,(anonymous_1)
FN:25,(anonymous_2)
FN:31,(anonymous_3)
FN:35,(anonymous_4)
FN:35,(anonymous_5)
FN:45,(anonymous_6)
FN:46,(anonymous_7)
FN:47,(anonymous_8)
FN:62,(anonymous_9)
FN:63,(anonymous_10)
FN:68,(anonymous_11)
FNF:12
FNH:12
FNDA:4,(anonymous_0)
FNDA:4,(anonymous_1)
FNDA:3,(anonymous_2)
FNDA:21,(anonymous_3)
FNDA:15,(anonymous_4)
FNDA:105,(anonymous_5)
FNDA:2,(anonymous_6)
FNDA:10,(anonymous_7)
FNDA:60,(anonymous_8)
FNDA:1,(anonymous_9)
FNDA:5,(anonymous_10)
FNDA:4,(anonymous_11)
DA:10,4
DA:14,4
DA:15,4
DA:17,4
DA:22,4
DA:26,3
DA:27,3
DA:29,3
DA:31,21
DA:33,3
DA:35,105
DA:37,3
DA:42,3
DA:46,2
DA:47,10
DA:48,60
DA:55,2
DA:59,2
DA:63,5
DA:65,1
DA:69,4
LF:21
LH:21
BRF:0
BRH:0
end_of_record
TN:
SF:src/util.js
FN:6,(anonymous_0)
FN:12,(anonymous_1)
FNF:2
FNH:2
FNDA:3,(anonymous_0)
FNDA:38,(anonymous_1)
DA:7,3
DA:8,3
DA:12,4
DA:13,38
DA:15,38
DA:17,36
LF:6
LH:6
BRDA:15,0,0,2
BRDA:15,0,1,36
BRF:2
BRH:2
end_of_record
